{"D:/Dev/WebProjects/ssy-ui-vite/src/TSXButton.tsx": {"path":"D:/Dev/WebProjects/ssy-ui-vite/src/TSXButton.tsx","statementMap":{"0":{"start":{"line":3,"column":15},"end":{"line":8,"column":2}},"1":{"start":{"line":6,"column":4},"end":{"line":6,"column":null}}},"fnMap":{"0":{"name":"(anonymous_0)","decl":{"start":{"line":5,"column":2},"end":{"line":5,"column":8}},"loc":{"start":{"line":5,"column":11},"end":{"line":7,"column":null}}}},"branchMap":{},"s":{"0":0,"1":0},"f":{"0":0},"b":{}}
,"D:/Dev/WebProjects/ssy-ui-vite/src/avatar/avatar.ts": {"path":"D:/Dev/WebProjects/ssy-ui-vite/src/avatar/avatar.ts","statementMap":{"0":{"start":{"line":5,"column":27},"end":{"line":18,"column":null}}},"fnMap":{},"branchMap":{},"s":{"0":0},"f":{},"b":{}}
,"D:/Dev/WebProjects/ssy-ui-vite/src/avatar/index.ts": {"path":"D:/Dev/WebProjects/ssy-ui-vite/src/avatar/index.ts","statementMap":{"0":{"start":{"line":11,"column":0},"end":{"line":14,"column":null}},"1":{"start":{"line":13,"column":2},"end":{"line":13,"column":null}},"2":{"start":{"line":17,"column":22},"end":{"line":17,"column":null}}},"fnMap":{"0":{"name":"(anonymous_0)","decl":{"start":{"line":11,"column":18},"end":{"line":11,"column":19}},"loc":{"start":{"line":11,"column":32},"end":{"line":14,"column":null}}}},"branchMap":{},"s":{"0":0,"1":0,"2":0},"f":{"0":0},"b":{}}
,"D:/Dev/WebProjects/ssy-ui-vite/src/button/Button.tsx": {"path":"D:/Dev/WebProjects/ssy-ui-vite/src/button/Button.tsx","statementMap":{"0":{"start":{"line":12,"column":27},"end":{"line":33,"column":10}},"1":{"start":{"line":38,"column":15},"end":{"line":97,"column":2}},"2":{"start":{"line":47,"column":23},"end":{"line":57,"column":5}},"3":{"start":{"line":58,"column":28},"end":{"line":68,"column":5}},"4":{"start":{"line":69,"column":22},"end":{"line":73,"column":5}},"5":{"start":{"line":76,"column":20},"end":{"line":86,"column":16}},"6":{"start":{"line":76,"column":35},"end":{"line":86,"column":15}},"7":{"start":{"line":89,"column":4},"end":{"line":95,"column":null}},"8":{"start":{"line":89,"column":11},"end":{"line":93,"column":null}}},"fnMap":{"0":{"name":"(anonymous_0)","decl":{"start":{"line":46,"column":2},"end":{"line":46,"column":7}},"loc":{"start":{"line":46,"column":26},"end":{"line":96,"column":null}}},"1":{"name":"(anonymous_1)","decl":{"start":{"line":76,"column":29},"end":{"line":76,"column":35}},"loc":{"start":{"line":76,"column":35},"end":{"line":86,"column":15}}},"2":{"name":"(anonymous_2)","decl":{"start":{"line":89,"column":11},"end":{"line":89,"column":null}},"loc":{"start":{"line":89,"column":11},"end":{"line":93,"column":null}}}},"branchMap":{"0":{"loc":{"start":{"line":83,"column":6},"end":{"line":83,"column":49}},"type":"cond-expr","locations":[{"start":{"line":83,"column":20},"end":{"line":83,"column":34}},{"start":{"line":83,"column":37},"end":{"line":83,"column":49}}]},"1":{"loc":{"start":{"line":84,"column":6},"end":{"line":84,"column":74}},"type":"cond-expr","locations":[{"start":{"line":84,"column":20},"end":{"line":84,"column":48}},{"start":{"line":84,"column":51},"end":{"line":84,"column":74}}]},"2":{"loc":{"start":{"line":92,"column":9},"end":{"line":92,"column":103}},"type":"cond-expr","locations":[{"start":{"line":92,"column":19},"end":{"line":92,"column":101}},{"start":{"line":92,"column":101},"end":{"line":92,"column":103}}]},"3":{"loc":{"start":{"line":92,"column":63},"end":{"line":92,"column":90}},"type":"cond-expr","locations":[{"start":{"line":92,"column":79},"end":{"line":92,"column":85}},{"start":{"line":92,"column":88},"end":{"line":92,"column":90}}]},"4":{"loc":{"start":{"line":93,"column":9},"end":{"line":93,"column":45}},"type":"cond-expr","locations":[{"start":{"line":93,"column":25},"end":{"line":93,"column":40}},{"start":{"line":93,"column":43},"end":{"line":93,"column":45}}]}},"s":{"0":1,"1":1,"2":8,"3":8,"4":8,"5":8,"6":8,"7":8,"8":8},"f":{"0":8,"1":8,"2":8},"b":{"0":[1,7],"1":[1,7],"2":[1,7],"3":[1,0],"4":[8,0]}}
,"D:/Dev/WebProjects/ssy-ui-vite/src/button/index.ts": {"path":"D:/Dev/WebProjects/ssy-ui-vite/src/button/index.ts","statementMap":{"0":{"start":{"line":9,"column":0},"end":{"line":11,"column":null}},"1":{"start":{"line":10,"column":2},"end":{"line":10,"column":null}},"2":{"start":{"line":14,"column":22},"end":{"line":14,"column":null}}},"fnMap":{"0":{"name":"(anonymous_0)","decl":{"start":{"line":9,"column":18},"end":{"line":9,"column":19}},"loc":{"start":{"line":9,"column":32},"end":{"line":11,"column":null}}}},"branchMap":{},"s":{"0":0,"1":0,"2":0},"f":{"0":0},"b":{}}
,"D:/Dev/WebProjects/ssy-ui-vite/src/link/Link.tsx": {"path":"D:/Dev/WebProjects/ssy-ui-vite/src/link/Link.tsx","statementMap":{"0":{"start":{"line":17,"column":25},"end":{"line":26,"column":1}},"1":{"start":{"line":29,"column":15},"end":{"line":71,"column":2}},"2":{"start":{"line":33,"column":17},"end":{"line":49,"column":5}},"3":{"start":{"line":51,"column":4},"end":{"line":69,"column":null}},"4":{"start":{"line":51,"column":11},"end":{"line":66,"column":null}}},"fnMap":{"0":{"name":"(anonymous_0)","decl":{"start":{"line":32,"column":2},"end":{"line":32,"column":7}},"loc":{"start":{"line":32,"column":26},"end":{"line":70,"column":null}}},"1":{"name":"(anonymous_1)","decl":{"start":{"line":51,"column":11},"end":{"line":51,"column":null}},"loc":{"start":{"line":51,"column":11},"end":{"line":66,"column":null}}}},"branchMap":{"0":{"loc":{"start":{"line":65,"column":11},"end":{"line":65,"column":51}},"type":"cond-expr","locations":[{"start":{"line":65,"column":27},"end":{"line":65,"column":42}},{"start":{"line":65,"column":45},"end":{"line":65,"column":51}}]}},"s":{"0":0,"1":0,"2":0,"3":0,"4":0},"f":{"0":0,"1":0},"b":{"0":[0,0]}}
,"D:/Dev/WebProjects/ssy-ui-vite/src/link/index.ts": {"path":"D:/Dev/WebProjects/ssy-ui-vite/src/link/index.ts","statementMap":{"0":{"start":{"line":11,"column":0},"end":{"line":14,"column":null}},"1":{"start":{"line":13,"column":2},"end":{"line":13,"column":null}},"2":{"start":{"line":17,"column":20},"end":{"line":17,"column":null}}},"fnMap":{"0":{"name":"(anonymous_0)","decl":{"start":{"line":11,"column":16},"end":{"line":11,"column":17}},"loc":{"start":{"line":11,"column":30},"end":{"line":14,"column":null}}}},"branchMap":{},"s":{"0":0,"1":0,"2":0},"f":{"0":0},"b":{}}
}
